<?xml version="1.0" encoding="UTF-8"?>
<testsuites name="Test Suite 1" time="44" tests="5" failures="0" errors="0">
   <testsuite name="Test Suite 1" tests="5" failures="0" errors="0" time="44" timestamp="2018-03-29 07:50:42" hostname="Dto - Dto-PC" id="Test Suites/Test Suite 1">
      <properties>
         <property name="deviceName" value=""/>
         <property name="devicePlatform" value=""/>
         <property name="logFolder" value="D:\\Katalon Project\\Project1\\Project1\\Reports\\Test Suite 1\\20180329_075040"/>
         <property name="logFiles" value="D:\\Katalon Project\\Project1\\Project1\\Reports\\Test Suite 1\\20180329_075040\\execution0.log"/>
         <property name="attachments" value=""/>
         <property name="hostName" value="Dto - Dto-PC"/>
         <property name="os" value="Windows 10 64bit"/>
         <property name="katalonVersion" value="5.3.1.1"/>
         <property name="browser" value="Chrome 65.0.3325.181"/>
         <property name="hostAddress" value="10.0.75.1"/>
         <property name="sessionId" value="b446ea706356d25718548d9a4dff4bb7"/>
         <property name="seleniumVersion" value="3.7.1"/>
         <property name="proxyInformation" value="ProxyInformation{proxyOption=NO_PROXY, proxyServerType=HTTP, password=, proxyServerAddress=, proxyServerPort=0}"/>
         <property name="platform" value="Windows 10"/>
      </properties>
      <testcase name="Test Cases/Test case 1" classname="Test Cases/Test case 1" status="PASSED">
         <system-out><![CDATA[2018-03-29 07:50:42 - [TEST_CASE][PASSED] - Test Cases/Test case 1: Test Cases/Test case 1

2018-03-29 07:50:42 - [TEST_STEP][PASSED] - openBrowser: Browser is opened with url: ''

2018-03-29 07:50:48 - [MESSAGE][PASSED] - Browser is opened with url: ''

2018-03-29 07:50:48 - [TEST_STEP][PASSED] - navigateToUrl: Navigate to 'http://54.255.174.42:8081/' successfully

2018-03-29 07:50:50 - [MESSAGE][PASSED] - Navigate to 'http://54.255.174.42:8081/' successfully

2018-03-29 07:50:50 - [TEST_STEP][PASSED] - setText: Text '99' is set on object 'Object Repository/Page_Lab 234/input_score'

2018-03-29 07:50:50 - [MESSAGE][PASSED] - Text '99' is set on object 'Object Repository/Page_Lab 234/input_score'

2018-03-29 07:50:50 - [TEST_STEP][PASSED] - click: Object: 'Object Repository/Page_Lab 234/button_Submit' is clicked on

2018-03-29 07:50:50 - [MESSAGE][PASSED] - Object: 'Object Repository/Page_Lab 234/button_Submit' is clicked on

2018-03-29 07:50:50 - [TEST_STEP][PASSED] - waitForElementVisible: Object 'Object Repository/Page_Lab 234/answer' is visible

2018-03-29 07:50:51 - [MESSAGE][PASSED] - Object 'Object Repository/Page_Lab 234/answer' is visible

2018-03-29 07:50:51 - [TEST_STEP][PASSED] - verifyElementText: Actual text and expected text of test object 'Object Repository/Page_Lab 234/answer' are matched.

2018-03-29 07:50:51 - [MESSAGE][PASSED] - Actual text and expected text of test object 'Object Repository/Page_Lab 234/answer' are matched.

2018-03-29 07:50:51 - [TEST_STEP][PASSED] - closeBrowser: Browser is closed

2018-03-29 07:50:52 - [MESSAGE][PASSED] - Browser is closed]]></system-out>
         <system-err><![CDATA[]]></system-err>
      </testcase>
      <testcase name="Test Cases/Test case 2" classname="Test Cases/Test case 2" status="PASSED">
         <system-out><![CDATA[2018-03-29 07:50:52 - [TEST_CASE][PASSED] - Test Cases/Test case 2: Test Cases/Test case 2

2018-03-29 07:50:52 - [TEST_STEP][PASSED] - openBrowser: Browser is opened with url: ''

2018-03-29 07:50:56 - [MESSAGE][PASSED] - Browser is opened with url: ''

2018-03-29 07:50:56 - [TEST_STEP][PASSED] - navigateToUrl: Navigate to 'http://54.255.174.42:8081/' successfully

2018-03-29 07:50:59 - [MESSAGE][PASSED] - Navigate to 'http://54.255.174.42:8081/' successfully

2018-03-29 07:50:59 - [TEST_STEP][PASSED] - setText: Text '55' is set on object 'Object Repository/Page_Lab 234/input_score'

2018-03-29 07:50:59 - [MESSAGE][PASSED] - Text '55' is set on object 'Object Repository/Page_Lab 234/input_score'

2018-03-29 07:50:59 - [TEST_STEP][PASSED] - click: Object: 'Object Repository/Page_Lab 234/button_Submit' is clicked on

2018-03-29 07:50:59 - [MESSAGE][PASSED] - Object: 'Object Repository/Page_Lab 234/button_Submit' is clicked on

2018-03-29 07:50:59 - [TEST_STEP][PASSED] - waitForElementVisible: Object 'Object Repository/Page_Lab 234/answer' is visible

2018-03-29 07:50:59 - [MESSAGE][WARNING] - Timeout '0' is invalid. Using default page load timeout: '30'

2018-03-29 07:50:59 - [MESSAGE][PASSED] - Object 'Object Repository/Page_Lab 234/answer' is visible

2018-03-29 07:50:59 - [TEST_STEP][PASSED] - verifyElementText: Actual text and expected text of test object 'Object Repository/Page_Lab 234/answer' are matched.

2018-03-29 07:50:59 - [MESSAGE][PASSED] - Actual text and expected text of test object 'Object Repository/Page_Lab 234/answer' are matched.

2018-03-29 07:50:59 - [TEST_STEP][PASSED] - closeBrowser: Browser is closed

2018-03-29 07:51:00 - [MESSAGE][PASSED] - Browser is closed]]></system-out>
         <system-err><![CDATA[]]></system-err>
      </testcase>
      <testcase name="Test Cases/Test case 3" classname="Test Cases/Test case 3" status="PASSED">
         <system-out><![CDATA[2018-03-29 07:51:00 - [TEST_CASE][PASSED] - Test Cases/Test case 3: Test Cases/Test case 3

2018-03-29 07:51:00 - [TEST_STEP][PASSED] - openBrowser: Browser is opened with url: ''

2018-03-29 07:51:06 - [MESSAGE][PASSED] - Browser is opened with url: ''

2018-03-29 07:51:06 - [TEST_STEP][PASSED] - navigateToUrl: Navigate to 'http://54.255.174.42:8081/' successfully

2018-03-29 07:51:07 - [MESSAGE][PASSED] - Navigate to 'http://54.255.174.42:8081/' successfully

2018-03-29 07:51:07 - [TEST_STEP][PASSED] - setText: Text '20' is set on object 'Object Repository/Page_Lab 234/input_score'

2018-03-29 07:51:07 - [MESSAGE][PASSED] - Text '20' is set on object 'Object Repository/Page_Lab 234/input_score'

2018-03-29 07:51:07 - [TEST_STEP][PASSED] - click: Object: 'Object Repository/Page_Lab 234/button_Submit' is clicked on

2018-03-29 07:51:07 - [MESSAGE][PASSED] - Object: 'Object Repository/Page_Lab 234/button_Submit' is clicked on

2018-03-29 07:51:07 - [TEST_STEP][PASSED] - waitForElementVisible: Object 'Object Repository/Page_Lab 234/answer' is visible

2018-03-29 07:51:07 - [MESSAGE][WARNING] - Timeout '0' is invalid. Using default page load timeout: '30'

2018-03-29 07:51:08 - [MESSAGE][PASSED] - Object 'Object Repository/Page_Lab 234/answer' is visible

2018-03-29 07:51:08 - [TEST_STEP][PASSED] - verifyElementText: Actual text and expected text of test object 'Object Repository/Page_Lab 234/answer' are matched.

2018-03-29 07:51:08 - [MESSAGE][PASSED] - Actual text and expected text of test object 'Object Repository/Page_Lab 234/answer' are matched.

2018-03-29 07:51:08 - [TEST_STEP][PASSED] - closeBrowser: Browser is closed

2018-03-29 07:51:09 - [MESSAGE][PASSED] - Browser is closed]]></system-out>
         <system-err><![CDATA[]]></system-err>
      </testcase>
      <testcase name="Test Cases/Test case 4" classname="Test Cases/Test case 4" status="PASSED">
         <system-out><![CDATA[2018-03-29 07:51:09 - [TEST_CASE][PASSED] - Test Cases/Test case 4: Test Cases/Test case 4

2018-03-29 07:51:09 - [TEST_STEP][PASSED] - openBrowser: Browser is opened with url: ''

2018-03-29 07:51:15 - [MESSAGE][PASSED] - Browser is opened with url: ''

2018-03-29 07:51:15 - [TEST_STEP][PASSED] - navigateToUrl: Navigate to 'http://54.255.174.42:8081/' successfully

2018-03-29 07:51:16 - [MESSAGE][PASSED] - Navigate to 'http://54.255.174.42:8081/' successfully

2018-03-29 07:51:16 - [TEST_STEP][PASSED] - setText: Text '75' is set on object 'Object Repository/Page_Lab 234/input_score'

2018-03-29 07:51:16 - [MESSAGE][PASSED] - Text '75' is set on object 'Object Repository/Page_Lab 234/input_score'

2018-03-29 07:51:16 - [TEST_STEP][PASSED] - click: Object: 'Object Repository/Page_Lab 234/button_Submit' is clicked on

2018-03-29 07:51:16 - [MESSAGE][PASSED] - Object: 'Object Repository/Page_Lab 234/button_Submit' is clicked on

2018-03-29 07:51:16 - [TEST_STEP][PASSED] - waitForElementVisible: Object 'Object Repository/Page_Lab 234/answer' is visible

2018-03-29 07:51:16 - [MESSAGE][WARNING] - Timeout '0' is invalid. Using default page load timeout: '30'

2018-03-29 07:51:17 - [MESSAGE][PASSED] - Object 'Object Repository/Page_Lab 234/answer' is visible

2018-03-29 07:51:17 - [TEST_STEP][PASSED] - verifyElementText: Actual text and expected text of test object 'Object Repository/Page_Lab 234/answer' are matched.

2018-03-29 07:51:17 - [MESSAGE][PASSED] - Actual text and expected text of test object 'Object Repository/Page_Lab 234/answer' are matched.

2018-03-29 07:51:17 - [TEST_STEP][PASSED] - closeBrowser: Browser is closed

2018-03-29 07:51:18 - [MESSAGE][PASSED] - Browser is closed]]></system-out>
         <system-err><![CDATA[]]></system-err>
      </testcase>
      <testcase name="Test Cases/Test case 5" classname="Test Cases/Test case 5" status="PASSED">
         <system-out><![CDATA[2018-03-29 07:51:18 - [TEST_CASE][PASSED] - Test Cases/Test case 5: Test Cases/Test case 5

2018-03-29 07:51:18 - [TEST_STEP][PASSED] - openBrowser: Browser is opened with url: ''

2018-03-29 07:51:23 - [MESSAGE][PASSED] - Browser is opened with url: ''

2018-03-29 07:51:23 - [TEST_STEP][PASSED] - navigateToUrl: Navigate to 'http://54.255.174.42:8081/' successfully

2018-03-29 07:51:24 - [MESSAGE][PASSED] - Navigate to 'http://54.255.174.42:8081/' successfully

2018-03-29 07:51:24 - [TEST_STEP][PASSED] - setText: Text '55' is set on object 'Object Repository/Page_Lab 234/input_score'

2018-03-29 07:51:24 - [MESSAGE][PASSED] - Text '55' is set on object 'Object Repository/Page_Lab 234/input_score'

2018-03-29 07:51:24 - [TEST_STEP][PASSED] - click: Object: 'Object Repository/Page_Lab 234/button_Submit' is clicked on

2018-03-29 07:51:24 - [MESSAGE][PASSED] - Object: 'Object Repository/Page_Lab 234/button_Submit' is clicked on

2018-03-29 07:51:24 - [TEST_STEP][PASSED] - waitForElementVisible: Object 'Object Repository/Page_Lab 234/answer' is visible

2018-03-29 07:51:24 - [MESSAGE][WARNING] - Timeout '0' is invalid. Using default page load timeout: '30'

2018-03-29 07:51:25 - [MESSAGE][PASSED] - Object 'Object Repository/Page_Lab 234/answer' is visible

2018-03-29 07:51:25 - [TEST_STEP][PASSED] - verifyElementText: Actual text and expected text of test object 'Object Repository/Page_Lab 234/answer' are matched.

2018-03-29 07:51:25 - [MESSAGE][PASSED] - Actual text and expected text of test object 'Object Repository/Page_Lab 234/answer' are matched.

2018-03-29 07:51:25 - [TEST_STEP][PASSED] - closeBrowser: Browser is closed

2018-03-29 07:51:26 - [MESSAGE][PASSED] - Browser is closed]]></system-out>
         <system-err><![CDATA[]]></system-err>
      </testcase>
      <system-out><![CDATA[2018-03-29 07:50:42 - [TEST_SUITE][PASSED] - Test Suite 1: Test Cases/Test case 5]]></system-out>
      <system-err><![CDATA[]]></system-err>
   </testsuite>
</testsuites>
